<?xml version="1.0" encoding="UTF-8"?>
<testsuite xmlns:xsi="http://www.w3.org/2001/XMLSchema-instance" xsi:noNamespaceSchemaLocation="https://maven.apache.org/surefire/maven-surefire-plugin/xsd/surefire-test-report.xsd" name="com.smoothstack.titaniumbanking.AccountApplicationTests" time="7.034" tests="7" errors="0" skipped="0" failures="3">
  <properties>
    <property name="java.specification.version" value="17"/>
    <property name="sun.jnu.encoding" value="UTF-8"/>
    <property name="java.class.path" value="/Users/ammonsoon/Smoothstack/Projects/Titanium-Repo/titanium-banking/account/target/test-classes:/Users/ammonsoon/Smoothstack/Projects/Titanium-Repo/titanium-banking/account/target/classes:/Users/ammonsoon/.m2/repository/org/springframework/boot/spring-boot-starter-web/2.7.1/spring-boot-starter-web-2.7.1.jar:/Users/ammonsoon/.m2/repository/org/springframework/boot/spring-boot-starter/2.7.1/spring-boot-starter-2.7.1.jar:/Users/ammonsoon/.m2/repository/org/springframework/boot/spring-boot/2.7.1/spring-boot-2.7.1.jar:/Users/ammonsoon/.m2/repository/org/springframework/boot/spring-boot-autoconfigure/2.7.1/spring-boot-autoconfigure-2.7.1.jar:/Users/ammonsoon/.m2/repository/org/springframework/boot/spring-boot-starter-logging/2.7.1/spring-boot-starter-logging-2.7.1.jar:/Users/ammonsoon/.m2/repository/ch/qos/logback/logback-classic/1.2.11/logback-classic-1.2.11.jar:/Users/ammonsoon/.m2/repository/ch/qos/logback/logback-core/1.2.11/logback-core-1.2.11.jar:/Users/ammonsoon/.m2/repository/org/apache/logging/log4j/log4j-to-slf4j/2.17.2/log4j-to-slf4j-2.17.2.jar:/Users/ammonsoon/.m2/repository/org/apache/logging/log4j/log4j-api/2.17.2/log4j-api-2.17.2.jar:/Users/ammonsoon/.m2/repository/org/slf4j/jul-to-slf4j/1.7.36/jul-to-slf4j-1.7.36.jar:/Users/ammonsoon/.m2/repository/jakarta/annotation/jakarta.annotation-api/1.3.5/jakarta.annotation-api-1.3.5.jar:/Users/ammonsoon/.m2/repository/org/yaml/snakeyaml/1.30/snakeyaml-1.30.jar:/Users/ammonsoon/.m2/repository/org/springframework/boot/spring-boot-starter-json/2.7.1/spring-boot-starter-json-2.7.1.jar:/Users/ammonsoon/.m2/repository/com/fasterxml/jackson/core/jackson-databind/2.13.3/jackson-databind-2.13.3.jar:/Users/ammonsoon/.m2/repository/com/fasterxml/jackson/core/jackson-annotations/2.13.3/jackson-annotations-2.13.3.jar:/Users/ammonsoon/.m2/repository/com/fasterxml/jackson/core/jackson-core/2.13.3/jackson-core-2.13.3.jar:/Users/ammonsoon/.m2/repository/com/fasterxml/jackson/datatype/jackson-datatype-jdk8/2.13.3/jackson-datatype-jdk8-2.13.3.jar:/Users/ammonsoon/.m2/repository/com/fasterxml/jackson/datatype/jackson-datatype-jsr310/2.13.3/jackson-datatype-jsr310-2.13.3.jar:/Users/ammonsoon/.m2/repository/com/fasterxml/jackson/module/jackson-module-parameter-names/2.13.3/jackson-module-parameter-names-2.13.3.jar:/Users/ammonsoon/.m2/repository/org/springframework/boot/spring-boot-starter-tomcat/2.7.1/spring-boot-starter-tomcat-2.7.1.jar:/Users/ammonsoon/.m2/repository/org/apache/tomcat/embed/tomcat-embed-core/9.0.64/tomcat-embed-core-9.0.64.jar:/Users/ammonsoon/.m2/repository/org/apache/tomcat/embed/tomcat-embed-websocket/9.0.64/tomcat-embed-websocket-9.0.64.jar:/Users/ammonsoon/.m2/repository/org/springframework/spring-web/5.3.21/spring-web-5.3.21.jar:/Users/ammonsoon/.m2/repository/org/springframework/spring-webmvc/5.3.21/spring-webmvc-5.3.21.jar:/Users/ammonsoon/.m2/repository/org/springframework/spring-expression/5.3.21/spring-expression-5.3.21.jar:/Users/ammonsoon/.m2/repository/org/springframework/boot/spring-boot-starter-test/2.7.1/spring-boot-starter-test-2.7.1.jar:/Users/ammonsoon/.m2/repository/org/springframework/boot/spring-boot-test/2.7.1/spring-boot-test-2.7.1.jar:/Users/ammonsoon/.m2/repository/org/springframework/boot/spring-boot-test-autoconfigure/2.7.1/spring-boot-test-autoconfigure-2.7.1.jar:/Users/ammonsoon/.m2/repository/com/jayway/jsonpath/json-path/2.7.0/json-path-2.7.0.jar:/Users/ammonsoon/.m2/repository/net/minidev/json-smart/2.4.8/json-smart-2.4.8.jar:/Users/ammonsoon/.m2/repository/net/minidev/accessors-smart/2.4.8/accessors-smart-2.4.8.jar:/Users/ammonsoon/.m2/repository/org/ow2/asm/asm/9.1/asm-9.1.jar:/Users/ammonsoon/.m2/repository/jakarta/xml/bind/jakarta.xml.bind-api/2.3.3/jakarta.xml.bind-api-2.3.3.jar:/Users/ammonsoon/.m2/repository/jakarta/activation/jakarta.activation-api/1.2.2/jakarta.activation-api-1.2.2.jar:/Users/ammonsoon/.m2/repository/org/assertj/assertj-core/3.22.0/assertj-core-3.22.0.jar:/Users/ammonsoon/.m2/repository/org/hamcrest/hamcrest/2.2/hamcrest-2.2.jar:/Users/ammonsoon/.m2/repository/org/junit/jupiter/junit-jupiter/5.8.2/junit-jupiter-5.8.2.jar:/Users/ammonsoon/.m2/repository/org/junit/jupiter/junit-jupiter-api/5.8.2/junit-jupiter-api-5.8.2.jar:/Users/ammonsoon/.m2/repository/org/opentest4j/opentest4j/1.2.0/opentest4j-1.2.0.jar:/Users/ammonsoon/.m2/repository/org/junit/platform/junit-platform-commons/1.8.2/junit-platform-commons-1.8.2.jar:/Users/ammonsoon/.m2/repository/org/apiguardian/apiguardian-api/1.1.2/apiguardian-api-1.1.2.jar:/Users/ammonsoon/.m2/repository/org/junit/jupiter/junit-jupiter-params/5.8.2/junit-jupiter-params-5.8.2.jar:/Users/ammonsoon/.m2/repository/org/junit/jupiter/junit-jupiter-engine/5.8.2/junit-jupiter-engine-5.8.2.jar:/Users/ammonsoon/.m2/repository/org/junit/platform/junit-platform-engine/1.8.2/junit-platform-engine-1.8.2.jar:/Users/ammonsoon/.m2/repository/org/mockito/mockito-core/4.5.1/mockito-core-4.5.1.jar:/Users/ammonsoon/.m2/repository/net/bytebuddy/byte-buddy/1.12.11/byte-buddy-1.12.11.jar:/Users/ammonsoon/.m2/repository/net/bytebuddy/byte-buddy-agent/1.12.11/byte-buddy-agent-1.12.11.jar:/Users/ammonsoon/.m2/repository/org/objenesis/objenesis/3.2/objenesis-3.2.jar:/Users/ammonsoon/.m2/repository/org/mockito/mockito-junit-jupiter/4.5.1/mockito-junit-jupiter-4.5.1.jar:/Users/ammonsoon/.m2/repository/org/skyscreamer/jsonassert/1.5.0/jsonassert-1.5.0.jar:/Users/ammonsoon/.m2/repository/com/vaadin/external/google/android-json/0.0.20131108.vaadin1/android-json-0.0.20131108.vaadin1.jar:/Users/ammonsoon/.m2/repository/org/springframework/spring-core/5.3.21/spring-core-5.3.21.jar:/Users/ammonsoon/.m2/repository/org/springframework/spring-jcl/5.3.21/spring-jcl-5.3.21.jar:/Users/ammonsoon/.m2/repository/org/springframework/spring-test/5.3.21/spring-test-5.3.21.jar:/Users/ammonsoon/.m2/repository/org/xmlunit/xmlunit-core/2.9.0/xmlunit-core-2.9.0.jar:/Users/ammonsoon/.m2/repository/mysql/mysql-connector-java/8.0.28/mysql-connector-java-8.0.28.jar:/Users/ammonsoon/.m2/repository/org/hibernate/hibernate-java8/5.1.0.Final/hibernate-java8-5.1.0.Final.jar:/Users/ammonsoon/.m2/repository/org/jboss/logging/jboss-logging/3.4.3.Final/jboss-logging-3.4.3.Final.jar:/Users/ammonsoon/.m2/repository/org/hibernate/hibernate-core/5.6.9.Final/hibernate-core-5.6.9.Final.jar:/Users/ammonsoon/.m2/repository/javax/persistence/javax.persistence-api/2.2/javax.persistence-api-2.2.jar:/Users/ammonsoon/.m2/repository/antlr/antlr/2.7.7/antlr-2.7.7.jar:/Users/ammonsoon/.m2/repository/org/jboss/spec/javax/transaction/jboss-transaction-api_1.2_spec/1.1.1.Final/jboss-transaction-api_1.2_spec-1.1.1.Final.jar:/Users/ammonsoon/.m2/repository/org/jboss/jandex/2.4.2.Final/jandex-2.4.2.Final.jar:/Users/ammonsoon/.m2/repository/com/fasterxml/classmate/1.5.1/classmate-1.5.1.jar:/Users/ammonsoon/.m2/repository/javax/activation/javax.activation-api/1.2.0/javax.activation-api-1.2.0.jar:/Users/ammonsoon/.m2/repository/org/hibernate/common/hibernate-commons-annotations/5.1.2.Final/hibernate-commons-annotations-5.1.2.Final.jar:/Users/ammonsoon/.m2/repository/javax/xml/bind/jaxb-api/2.3.1/jaxb-api-2.3.1.jar:/Users/ammonsoon/.m2/repository/org/glassfish/jaxb/jaxb-runtime/2.3.6/jaxb-runtime-2.3.6.jar:/Users/ammonsoon/.m2/repository/org/glassfish/jaxb/txw2/2.3.6/txw2-2.3.6.jar:/Users/ammonsoon/.m2/repository/com/sun/istack/istack-commons-runtime/3.0.12/istack-commons-runtime-3.0.12.jar:/Users/ammonsoon/.m2/repository/com/sun/activation/jakarta.activation/1.2.2/jakarta.activation-1.2.2.jar:/Users/ammonsoon/.m2/repository/org/projectlombok/lombok/1.18.20/lombok-1.18.20.jar:/Users/ammonsoon/.m2/repository/org/springframework/data/spring-data-jpa/2.7.0/spring-data-jpa-2.7.0.jar:/Users/ammonsoon/.m2/repository/org/springframework/data/spring-data-commons/2.7.1/spring-data-commons-2.7.1.jar:/Users/ammonsoon/.m2/repository/org/springframework/spring-orm/5.3.21/spring-orm-5.3.21.jar:/Users/ammonsoon/.m2/repository/org/springframework/spring-jdbc/5.3.21/spring-jdbc-5.3.21.jar:/Users/ammonsoon/.m2/repository/org/springframework/spring-context/5.3.21/spring-context-5.3.21.jar:/Users/ammonsoon/.m2/repository/org/springframework/spring-aop/5.3.21/spring-aop-5.3.21.jar:/Users/ammonsoon/.m2/repository/org/springframework/spring-tx/5.3.21/spring-tx-5.3.21.jar:/Users/ammonsoon/.m2/repository/org/springframework/spring-beans/5.3.21/spring-beans-5.3.21.jar:/Users/ammonsoon/.m2/repository/org/slf4j/slf4j-api/1.7.36/slf4j-api-1.7.36.jar:/Users/ammonsoon/.m2/repository/com/h2database/h2/2.1.214/h2-2.1.214.jar:/Users/ammonsoon/.m2/repository/org/springframework/boot/spring-boot-starter-data-jpa/2.7.1/spring-boot-starter-data-jpa-2.7.1.jar:/Users/ammonsoon/.m2/repository/org/springframework/boot/spring-boot-starter-aop/2.7.1/spring-boot-starter-aop-2.7.1.jar:/Users/ammonsoon/.m2/repository/org/aspectj/aspectjweaver/1.9.7/aspectjweaver-1.9.7.jar:/Users/ammonsoon/.m2/repository/org/springframework/boot/spring-boot-starter-jdbc/2.7.1/spring-boot-starter-jdbc-2.7.1.jar:/Users/ammonsoon/.m2/repository/com/zaxxer/HikariCP/4.0.3/HikariCP-4.0.3.jar:/Users/ammonsoon/.m2/repository/jakarta/transaction/jakarta.transaction-api/1.3.3/jakarta.transaction-api-1.3.3.jar:/Users/ammonsoon/.m2/repository/jakarta/persistence/jakarta.persistence-api/2.2.3/jakarta.persistence-api-2.2.3.jar:/Users/ammonsoon/.m2/repository/org/springframework/spring-aspects/5.3.21/spring-aspects-5.3.21.jar:/Users/ammonsoon/.m2/repository/org/springframework/boot/spring-boot-starter-validation/2.7.1/spring-boot-starter-validation-2.7.1.jar:/Users/ammonsoon/.m2/repository/org/apache/tomcat/embed/tomcat-embed-el/9.0.64/tomcat-embed-el-9.0.64.jar:/Users/ammonsoon/.m2/repository/org/hibernate/validator/hibernate-validator/6.2.3.Final/hibernate-validator-6.2.3.Final.jar:/Users/ammonsoon/.m2/repository/jakarta/validation/jakarta.validation-api/2.0.2/jakarta.validation-api-2.0.2.jar:"/>
    <property name="java.vm.vendor" value="Eclipse Adoptium"/>
    <property name="sun.arch.data.model" value="64"/>
    <property name="java.vendor.url" value="https://adoptium.net/"/>
    <property name="os.name" value="Mac OS X"/>
    <property name="java.vm.specification.version" value="17"/>
    <property name="sun.java.launcher" value="SUN_STANDARD"/>
    <property name="user.country" value="US"/>
    <property name="sun.boot.library.path" value="/Library/Java/JavaVirtualMachines/temurin-17.jdk/Contents/Home/lib"/>
    <property name="sun.java.command" value="/Users/ammonsoon/Smoothstack/Projects/Titanium-Repo/titanium-banking/account/target/surefire/surefirebooter13283506893617836672.jar /Users/ammonsoon/Smoothstack/Projects/Titanium-Repo/titanium-banking/account/target/surefire 2022-08-10T13-17-06_424-jvmRun1 surefire13579184941895960595tmp surefire_03706847052988445515tmp"/>
    <property name="http.nonProxyHosts" value="local|*.local|169.254/16|*.169.254/16"/>
    <property name="jdk.debug" value="release"/>
    <property name="surefire.test.class.path" value="/Users/ammonsoon/Smoothstack/Projects/Titanium-Repo/titanium-banking/account/target/test-classes:/Users/ammonsoon/Smoothstack/Projects/Titanium-Repo/titanium-banking/account/target/classes:/Users/ammonsoon/.m2/repository/org/springframework/boot/spring-boot-starter-web/2.7.1/spring-boot-starter-web-2.7.1.jar:/Users/ammonsoon/.m2/repository/org/springframework/boot/spring-boot-starter/2.7.1/spring-boot-starter-2.7.1.jar:/Users/ammonsoon/.m2/repository/org/springframework/boot/spring-boot/2.7.1/spring-boot-2.7.1.jar:/Users/ammonsoon/.m2/repository/org/springframework/boot/spring-boot-autoconfigure/2.7.1/spring-boot-autoconfigure-2.7.1.jar:/Users/ammonsoon/.m2/repository/org/springframework/boot/spring-boot-starter-logging/2.7.1/spring-boot-starter-logging-2.7.1.jar:/Users/ammonsoon/.m2/repository/ch/qos/logback/logback-classic/1.2.11/logback-classic-1.2.11.jar:/Users/ammonsoon/.m2/repository/ch/qos/logback/logback-core/1.2.11/logback-core-1.2.11.jar:/Users/ammonsoon/.m2/repository/org/apache/logging/log4j/log4j-to-slf4j/2.17.2/log4j-to-slf4j-2.17.2.jar:/Users/ammonsoon/.m2/repository/org/apache/logging/log4j/log4j-api/2.17.2/log4j-api-2.17.2.jar:/Users/ammonsoon/.m2/repository/org/slf4j/jul-to-slf4j/1.7.36/jul-to-slf4j-1.7.36.jar:/Users/ammonsoon/.m2/repository/jakarta/annotation/jakarta.annotation-api/1.3.5/jakarta.annotation-api-1.3.5.jar:/Users/ammonsoon/.m2/repository/org/yaml/snakeyaml/1.30/snakeyaml-1.30.jar:/Users/ammonsoon/.m2/repository/org/springframework/boot/spring-boot-starter-json/2.7.1/spring-boot-starter-json-2.7.1.jar:/Users/ammonsoon/.m2/repository/com/fasterxml/jackson/core/jackson-databind/2.13.3/jackson-databind-2.13.3.jar:/Users/ammonsoon/.m2/repository/com/fasterxml/jackson/core/jackson-annotations/2.13.3/jackson-annotations-2.13.3.jar:/Users/ammonsoon/.m2/repository/com/fasterxml/jackson/core/jackson-core/2.13.3/jackson-core-2.13.3.jar:/Users/ammonsoon/.m2/repository/com/fasterxml/jackson/datatype/jackson-datatype-jdk8/2.13.3/jackson-datatype-jdk8-2.13.3.jar:/Users/ammonsoon/.m2/repository/com/fasterxml/jackson/datatype/jackson-datatype-jsr310/2.13.3/jackson-datatype-jsr310-2.13.3.jar:/Users/ammonsoon/.m2/repository/com/fasterxml/jackson/module/jackson-module-parameter-names/2.13.3/jackson-module-parameter-names-2.13.3.jar:/Users/ammonsoon/.m2/repository/org/springframework/boot/spring-boot-starter-tomcat/2.7.1/spring-boot-starter-tomcat-2.7.1.jar:/Users/ammonsoon/.m2/repository/org/apache/tomcat/embed/tomcat-embed-core/9.0.64/tomcat-embed-core-9.0.64.jar:/Users/ammonsoon/.m2/repository/org/apache/tomcat/embed/tomcat-embed-websocket/9.0.64/tomcat-embed-websocket-9.0.64.jar:/Users/ammonsoon/.m2/repository/org/springframework/spring-web/5.3.21/spring-web-5.3.21.jar:/Users/ammonsoon/.m2/repository/org/springframework/spring-webmvc/5.3.21/spring-webmvc-5.3.21.jar:/Users/ammonsoon/.m2/repository/org/springframework/spring-expression/5.3.21/spring-expression-5.3.21.jar:/Users/ammonsoon/.m2/repository/org/springframework/boot/spring-boot-starter-test/2.7.1/spring-boot-starter-test-2.7.1.jar:/Users/ammonsoon/.m2/repository/org/springframework/boot/spring-boot-test/2.7.1/spring-boot-test-2.7.1.jar:/Users/ammonsoon/.m2/repository/org/springframework/boot/spring-boot-test-autoconfigure/2.7.1/spring-boot-test-autoconfigure-2.7.1.jar:/Users/ammonsoon/.m2/repository/com/jayway/jsonpath/json-path/2.7.0/json-path-2.7.0.jar:/Users/ammonsoon/.m2/repository/net/minidev/json-smart/2.4.8/json-smart-2.4.8.jar:/Users/ammonsoon/.m2/repository/net/minidev/accessors-smart/2.4.8/accessors-smart-2.4.8.jar:/Users/ammonsoon/.m2/repository/org/ow2/asm/asm/9.1/asm-9.1.jar:/Users/ammonsoon/.m2/repository/jakarta/xml/bind/jakarta.xml.bind-api/2.3.3/jakarta.xml.bind-api-2.3.3.jar:/Users/ammonsoon/.m2/repository/jakarta/activation/jakarta.activation-api/1.2.2/jakarta.activation-api-1.2.2.jar:/Users/ammonsoon/.m2/repository/org/assertj/assertj-core/3.22.0/assertj-core-3.22.0.jar:/Users/ammonsoon/.m2/repository/org/hamcrest/hamcrest/2.2/hamcrest-2.2.jar:/Users/ammonsoon/.m2/repository/org/junit/jupiter/junit-jupiter/5.8.2/junit-jupiter-5.8.2.jar:/Users/ammonsoon/.m2/repository/org/junit/jupiter/junit-jupiter-api/5.8.2/junit-jupiter-api-5.8.2.jar:/Users/ammonsoon/.m2/repository/org/opentest4j/opentest4j/1.2.0/opentest4j-1.2.0.jar:/Users/ammonsoon/.m2/repository/org/junit/platform/junit-platform-commons/1.8.2/junit-platform-commons-1.8.2.jar:/Users/ammonsoon/.m2/repository/org/apiguardian/apiguardian-api/1.1.2/apiguardian-api-1.1.2.jar:/Users/ammonsoon/.m2/repository/org/junit/jupiter/junit-jupiter-params/5.8.2/junit-jupiter-params-5.8.2.jar:/Users/ammonsoon/.m2/repository/org/junit/jupiter/junit-jupiter-engine/5.8.2/junit-jupiter-engine-5.8.2.jar:/Users/ammonsoon/.m2/repository/org/junit/platform/junit-platform-engine/1.8.2/junit-platform-engine-1.8.2.jar:/Users/ammonsoon/.m2/repository/org/mockito/mockito-core/4.5.1/mockito-core-4.5.1.jar:/Users/ammonsoon/.m2/repository/net/bytebuddy/byte-buddy/1.12.11/byte-buddy-1.12.11.jar:/Users/ammonsoon/.m2/repository/net/bytebuddy/byte-buddy-agent/1.12.11/byte-buddy-agent-1.12.11.jar:/Users/ammonsoon/.m2/repository/org/objenesis/objenesis/3.2/objenesis-3.2.jar:/Users/ammonsoon/.m2/repository/org/mockito/mockito-junit-jupiter/4.5.1/mockito-junit-jupiter-4.5.1.jar:/Users/ammonsoon/.m2/repository/org/skyscreamer/jsonassert/1.5.0/jsonassert-1.5.0.jar:/Users/ammonsoon/.m2/repository/com/vaadin/external/google/android-json/0.0.20131108.vaadin1/android-json-0.0.20131108.vaadin1.jar:/Users/ammonsoon/.m2/repository/org/springframework/spring-core/5.3.21/spring-core-5.3.21.jar:/Users/ammonsoon/.m2/repository/org/springframework/spring-jcl/5.3.21/spring-jcl-5.3.21.jar:/Users/ammonsoon/.m2/repository/org/springframework/spring-test/5.3.21/spring-test-5.3.21.jar:/Users/ammonsoon/.m2/repository/org/xmlunit/xmlunit-core/2.9.0/xmlunit-core-2.9.0.jar:/Users/ammonsoon/.m2/repository/mysql/mysql-connector-java/8.0.28/mysql-connector-java-8.0.28.jar:/Users/ammonsoon/.m2/repository/org/hibernate/hibernate-java8/5.1.0.Final/hibernate-java8-5.1.0.Final.jar:/Users/ammonsoon/.m2/repository/org/jboss/logging/jboss-logging/3.4.3.Final/jboss-logging-3.4.3.Final.jar:/Users/ammonsoon/.m2/repository/org/hibernate/hibernate-core/5.6.9.Final/hibernate-core-5.6.9.Final.jar:/Users/ammonsoon/.m2/repository/javax/persistence/javax.persistence-api/2.2/javax.persistence-api-2.2.jar:/Users/ammonsoon/.m2/repository/antlr/antlr/2.7.7/antlr-2.7.7.jar:/Users/ammonsoon/.m2/repository/org/jboss/spec/javax/transaction/jboss-transaction-api_1.2_spec/1.1.1.Final/jboss-transaction-api_1.2_spec-1.1.1.Final.jar:/Users/ammonsoon/.m2/repository/org/jboss/jandex/2.4.2.Final/jandex-2.4.2.Final.jar:/Users/ammonsoon/.m2/repository/com/fasterxml/classmate/1.5.1/classmate-1.5.1.jar:/Users/ammonsoon/.m2/repository/javax/activation/javax.activation-api/1.2.0/javax.activation-api-1.2.0.jar:/Users/ammonsoon/.m2/repository/org/hibernate/common/hibernate-commons-annotations/5.1.2.Final/hibernate-commons-annotations-5.1.2.Final.jar:/Users/ammonsoon/.m2/repository/javax/xml/bind/jaxb-api/2.3.1/jaxb-api-2.3.1.jar:/Users/ammonsoon/.m2/repository/org/glassfish/jaxb/jaxb-runtime/2.3.6/jaxb-runtime-2.3.6.jar:/Users/ammonsoon/.m2/repository/org/glassfish/jaxb/txw2/2.3.6/txw2-2.3.6.jar:/Users/ammonsoon/.m2/repository/com/sun/istack/istack-commons-runtime/3.0.12/istack-commons-runtime-3.0.12.jar:/Users/ammonsoon/.m2/repository/com/sun/activation/jakarta.activation/1.2.2/jakarta.activation-1.2.2.jar:/Users/ammonsoon/.m2/repository/org/projectlombok/lombok/1.18.20/lombok-1.18.20.jar:/Users/ammonsoon/.m2/repository/org/springframework/data/spring-data-jpa/2.7.0/spring-data-jpa-2.7.0.jar:/Users/ammonsoon/.m2/repository/org/springframework/data/spring-data-commons/2.7.1/spring-data-commons-2.7.1.jar:/Users/ammonsoon/.m2/repository/org/springframework/spring-orm/5.3.21/spring-orm-5.3.21.jar:/Users/ammonsoon/.m2/repository/org/springframework/spring-jdbc/5.3.21/spring-jdbc-5.3.21.jar:/Users/ammonsoon/.m2/repository/org/springframework/spring-context/5.3.21/spring-context-5.3.21.jar:/Users/ammonsoon/.m2/repository/org/springframework/spring-aop/5.3.21/spring-aop-5.3.21.jar:/Users/ammonsoon/.m2/repository/org/springframework/spring-tx/5.3.21/spring-tx-5.3.21.jar:/Users/ammonsoon/.m2/repository/org/springframework/spring-beans/5.3.21/spring-beans-5.3.21.jar:/Users/ammonsoon/.m2/repository/org/slf4j/slf4j-api/1.7.36/slf4j-api-1.7.36.jar:/Users/ammonsoon/.m2/repository/com/h2database/h2/2.1.214/h2-2.1.214.jar:/Users/ammonsoon/.m2/repository/org/springframework/boot/spring-boot-starter-data-jpa/2.7.1/spring-boot-starter-data-jpa-2.7.1.jar:/Users/ammonsoon/.m2/repository/org/springframework/boot/spring-boot-starter-aop/2.7.1/spring-boot-starter-aop-2.7.1.jar:/Users/ammonsoon/.m2/repository/org/aspectj/aspectjweaver/1.9.7/aspectjweaver-1.9.7.jar:/Users/ammonsoon/.m2/repository/org/springframework/boot/spring-boot-starter-jdbc/2.7.1/spring-boot-starter-jdbc-2.7.1.jar:/Users/ammonsoon/.m2/repository/com/zaxxer/HikariCP/4.0.3/HikariCP-4.0.3.jar:/Users/ammonsoon/.m2/repository/jakarta/transaction/jakarta.transaction-api/1.3.3/jakarta.transaction-api-1.3.3.jar:/Users/ammonsoon/.m2/repository/jakarta/persistence/jakarta.persistence-api/2.2.3/jakarta.persistence-api-2.2.3.jar:/Users/ammonsoon/.m2/repository/org/springframework/spring-aspects/5.3.21/spring-aspects-5.3.21.jar:/Users/ammonsoon/.m2/repository/org/springframework/boot/spring-boot-starter-validation/2.7.1/spring-boot-starter-validation-2.7.1.jar:/Users/ammonsoon/.m2/repository/org/apache/tomcat/embed/tomcat-embed-el/9.0.64/tomcat-embed-el-9.0.64.jar:/Users/ammonsoon/.m2/repository/org/hibernate/validator/hibernate-validator/6.2.3.Final/hibernate-validator-6.2.3.Final.jar:/Users/ammonsoon/.m2/repository/jakarta/validation/jakarta.validation-api/2.0.2/jakarta.validation-api-2.0.2.jar:"/>
    <property name="sun.cpu.endian" value="little"/>
    <property name="user.home" value="/Users/ammonsoon"/>
    <property name="user.language" value="en"/>
    <property name="java.specification.vendor" value="Oracle Corporation"/>
    <property name="java.version.date" value="2022-04-19"/>
    <property name="java.home" value="/Library/Java/JavaVirtualMachines/temurin-17.jdk/Contents/Home"/>
    <property name="file.separator" value="/"/>
    <property name="basedir" value="/Users/ammonsoon/Smoothstack/Projects/Titanium-Repo/titanium-banking/account"/>
    <property name="java.vm.compressedOopsMode" value="Zero based"/>
    <property name="line.separator" value="&#10;"/>
    <property name="java.specification.name" value="Java Platform API Specification"/>
    <property name="java.vm.specification.vendor" value="Oracle Corporation"/>
    <property name="surefire.real.class.path" value="/Users/ammonsoon/Smoothstack/Projects/Titanium-Repo/titanium-banking/account/target/surefire/surefirebooter13283506893617836672.jar"/>
    <property name="sun.management.compiler" value="HotSpot 64-Bit Tiered Compilers"/>
    <property name="ftp.nonProxyHosts" value="local|*.local|169.254/16|*.169.254/16"/>
    <property name="java.runtime.version" value="17.0.3+7"/>
    <property name="user.name" value="ammonsoon"/>
    <property name="path.separator" value=":"/>
    <property name="os.version" value="12.4"/>
    <property name="java.runtime.name" value="OpenJDK Runtime Environment"/>
    <property name="file.encoding" value="UTF-8"/>
    <property name="java.vm.name" value="OpenJDK 64-Bit Server VM"/>
    <property name="java.vendor.version" value="Temurin-17.0.3+7"/>
    <property name="localRepository" value="/Users/ammonsoon/.m2/repository"/>
    <property name="java.vendor.url.bug" value="https://github.com/adoptium/adoptium-support/issues"/>
    <property name="java.io.tmpdir" value="/var/folders/61/sgswrblx34bbh9tsqvw_1c_40000gn/T/"/>
    <property name="java.version" value="17.0.3"/>
    <property name="user.dir" value="/Users/ammonsoon/Smoothstack/Projects/Titanium-Repo/titanium-banking/account"/>
    <property name="os.arch" value="x86_64"/>
    <property name="java.vm.specification.name" value="Java Virtual Machine Specification"/>
    <property name="native.encoding" value="UTF-8"/>
    <property name="java.library.path" value="/Users/ammonsoon/Library/Java/Extensions:/Library/Java/Extensions:/Network/Library/Java/Extensions:/System/Library/Java/Extensions:/usr/lib/java:."/>
    <property name="java.vm.info" value="mixed mode, sharing"/>
    <property name="java.vendor" value="Eclipse Adoptium"/>
    <property name="java.vm.version" value="17.0.3+7"/>
    <property name="sun.io.unicode.encoding" value="UnicodeBig"/>
    <property name="socksNonProxyHosts" value="local|*.local|169.254/16|*.169.254/16"/>
    <property name="java.class.version" value="61.0"/>
  </properties>
  <testcase name="viewAllAccounts" classname="com.smoothstack.titaniumbanking.AccountApplicationTests" time="0.626">
    <failure message="expected: &lt;[Account(accountId=0, accountName=ONETestAccount, accountType=checking, accountNumber=12345, balance=9800, interest=5, lastStatementDate=2022-08-10, paymentDate=2022-08-10), Account(accountId=0, accountName=TWOTestAccount, accountType=loan, accountNumber=123456, balance=9900, interest=6, lastStatementDate=2022-08-10, paymentDate=2022-08-10), Account(accountId=0, accountName=THREETestAccount, accountType=investing, accountNumber=1234567, balance=1000, interest=9, lastStatementDate=2022-08-10, paymentDate=2022-08-10)]&gt; but was: &lt;[Account(accountId=1, accountName=ONETestAccount, accountType=checking, accountNumber=00000000432004197, balance=0, interest=0, lastStatementDate=2022-08-10, paymentDate=2022-08-10), Account(accountId=2, accountName=TWOTestAccount, accountType=loan, accountNumber=00000001912014459, balance=0, interest=15, lastStatementDate=2022-08-10, paymentDate=2022-08-10), Account(accountId=3, accountName=THREETestAccount, accountType=investing, accountNumber=00000000402129758, balance=0, interest=0, lastStatementDate=2022-08-10, paymentDate=2022-08-10)]&gt;" type="org.opentest4j.AssertionFailedError"><![CDATA[org.opentest4j.AssertionFailedError: expected: <[Account(accountId=0, accountName=ONETestAccount, accountType=checking, accountNumber=12345, balance=9800, interest=5, lastStatementDate=2022-08-10, paymentDate=2022-08-10), Account(accountId=0, accountName=TWOTestAccount, accountType=loan, accountNumber=123456, balance=9900, interest=6, lastStatementDate=2022-08-10, paymentDate=2022-08-10), Account(accountId=0, accountName=THREETestAccount, accountType=investing, accountNumber=1234567, balance=1000, interest=9, lastStatementDate=2022-08-10, paymentDate=2022-08-10)]> but was: <[Account(accountId=1, accountName=ONETestAccount, accountType=checking, accountNumber=00000000432004197, balance=0, interest=0, lastStatementDate=2022-08-10, paymentDate=2022-08-10), Account(accountId=2, accountName=TWOTestAccount, accountType=loan, accountNumber=00000001912014459, balance=0, interest=15, lastStatementDate=2022-08-10, paymentDate=2022-08-10), Account(accountId=3, accountName=THREETestAccount, accountType=investing, accountNumber=00000000402129758, balance=0, interest=0, lastStatementDate=2022-08-10, paymentDate=2022-08-10)]>
	at com.smoothstack.titaniumbanking.AccountApplicationTests.viewAllAccounts(AccountApplicationTests.java:78)
]]></failure>
    <system-out><![CDATA[13:17:07.708 [main] DEBUG org.springframework.test.context.BootstrapUtils - Instantiating CacheAwareContextLoaderDelegate from class [org.springframework.test.context.cache.DefaultCacheAwareContextLoaderDelegate]
13:17:07.739 [main] DEBUG org.springframework.test.context.BootstrapUtils - Instantiating BootstrapContext using constructor [public org.springframework.test.context.support.DefaultBootstrapContext(java.lang.Class,org.springframework.test.context.CacheAwareContextLoaderDelegate)]
13:17:07.822 [main] DEBUG org.springframework.test.context.BootstrapUtils - Instantiating TestContextBootstrapper for test class [com.smoothstack.titaniumbanking.AccountApplicationTests] from class [org.springframework.boot.test.context.SpringBootTestContextBootstrapper]
13:17:07.851 [main] INFO org.springframework.boot.test.context.SpringBootTestContextBootstrapper - Neither @ContextConfiguration nor @ContextHierarchy found for test class [com.smoothstack.titaniumbanking.AccountApplicationTests], using SpringBootContextLoader
13:17:07.856 [main] DEBUG org.springframework.test.context.support.AbstractContextLoader - Did not detect default resource location for test class [com.smoothstack.titaniumbanking.AccountApplicationTests]: class path resource [com/smoothstack/titaniumbanking/AccountApplicationTests-context.xml] does not exist
13:17:07.858 [main] DEBUG org.springframework.test.context.support.AbstractContextLoader - Did not detect default resource location for test class [com.smoothstack.titaniumbanking.AccountApplicationTests]: class path resource [com/smoothstack/titaniumbanking/AccountApplicationTestsContext.groovy] does not exist
13:17:07.858 [main] INFO org.springframework.test.context.support.AbstractContextLoader - Could not detect default resource locations for test class [com.smoothstack.titaniumbanking.AccountApplicationTests]: no resource found for suffixes {-context.xml, Context.groovy}.
13:17:07.861 [main] INFO org.springframework.test.context.support.AnnotationConfigContextLoaderUtils - Could not detect default configuration classes for test class [com.smoothstack.titaniumbanking.AccountApplicationTests]: AccountApplicationTests does not declare any static, non-private, non-final, nested classes annotated with @Configuration.
13:17:07.923 [main] DEBUG org.springframework.test.context.support.ActiveProfilesUtils - Could not find an 'annotation declaring class' for annotation type [org.springframework.test.context.ActiveProfiles] and class [com.smoothstack.titaniumbanking.AccountApplicationTests]
13:17:08.013 [main] DEBUG org.springframework.context.annotation.ClassPathScanningCandidateComponentProvider - Identified candidate component class: file [/Users/ammonsoon/Smoothstack/Projects/Titanium-Repo/titanium-banking/account/target/classes/com/smoothstack/titaniumbanking/TitaniumBankingApplication.class]
13:17:08.016 [main] INFO org.springframework.boot.test.context.SpringBootTestContextBootstrapper - Found @SpringBootConfiguration com.smoothstack.titaniumbanking.TitaniumBankingApplication for test class com.smoothstack.titaniumbanking.AccountApplicationTests
13:17:08.202 [main] DEBUG org.springframework.boot.test.context.SpringBootTestContextBootstrapper - @TestExecutionListeners is not present for class [com.smoothstack.titaniumbanking.AccountApplicationTests]: using defaults.
13:17:08.202 [main] INFO org.springframework.boot.test.context.SpringBootTestContextBootstrapper - Loaded default TestExecutionListener class names from location [META-INF/spring.factories]: [org.springframework.boot.test.mock.mockito.MockitoTestExecutionListener, org.springframework.boot.test.mock.mockito.ResetMocksTestExecutionListener, org.springframework.boot.test.autoconfigure.restdocs.RestDocsTestExecutionListener, org.springframework.boot.test.autoconfigure.web.client.MockRestServiceServerResetTestExecutionListener, org.springframework.boot.test.autoconfigure.web.servlet.MockMvcPrintOnlyOnFailureTestExecutionListener, org.springframework.boot.test.autoconfigure.web.servlet.WebDriverTestExecutionListener, org.springframework.boot.test.autoconfigure.webservices.client.MockWebServiceServerTestExecutionListener, org.springframework.test.context.web.ServletTestExecutionListener, org.springframework.test.context.support.DirtiesContextBeforeModesTestExecutionListener, org.springframework.test.context.event.ApplicationEventsTestExecutionListener, org.springframework.test.context.support.DependencyInjectionTestExecutionListener, org.springframework.test.context.support.DirtiesContextTestExecutionListener, org.springframework.test.context.transaction.TransactionalTestExecutionListener, org.springframework.test.context.jdbc.SqlScriptsTestExecutionListener, org.springframework.test.context.event.EventPublishingTestExecutionListener]
13:17:08.226 [main] INFO org.springframework.boot.test.context.SpringBootTestContextBootstrapper - Using TestExecutionListeners: [org.springframework.test.context.web.ServletTestExecutionListener@5e403b4a, org.springframework.test.context.support.DirtiesContextBeforeModesTestExecutionListener@5117dd67, org.springframework.test.context.event.ApplicationEventsTestExecutionListener@5be49b60, org.springframework.boot.test.mock.mockito.MockitoTestExecutionListener@2931522b, org.springframework.boot.test.autoconfigure.SpringBootDependencyInjectionTestExecutionListener@7674b62c, org.springframework.test.context.support.DirtiesContextTestExecutionListener@19e7a160, org.springframework.test.context.transaction.TransactionalTestExecutionListener@662706a7, org.springframework.test.context.jdbc.SqlScriptsTestExecutionListener@45a4b042, org.springframework.test.context.event.EventPublishingTestExecutionListener@16b2bb0c, org.springframework.boot.test.mock.mockito.ResetMocksTestExecutionListener@327af41b, org.springframework.boot.test.autoconfigure.restdocs.RestDocsTestExecutionListener@6cb6decd, org.springframework.boot.test.autoconfigure.web.client.MockRestServiceServerResetTestExecutionListener@c7045b9, org.springframework.boot.test.autoconfigure.web.servlet.MockMvcPrintOnlyOnFailureTestExecutionListener@f99f5e0, org.springframework.boot.test.autoconfigure.web.servlet.WebDriverTestExecutionListener@6aa61224, org.springframework.boot.test.autoconfigure.webservices.client.MockWebServiceServerTestExecutionListener@30bce90b]
13:17:08.231 [main] DEBUG org.springframework.test.context.support.AbstractDirtiesContextTestExecutionListener - Before test class: context [DefaultTestContext@11f0a5a1 testClass = AccountApplicationTests, testInstance = [null], testMethod = [null], testException = [null], mergedContextConfiguration = [WebMergedContextConfiguration@10f7f7de testClass = AccountApplicationTests, locations = '{}', classes = '{class com.smoothstack.titaniumbanking.TitaniumBankingApplication}', contextInitializerClasses = '[]', activeProfiles = '{}', propertySourceLocations = '{}', propertySourceProperties = '{org.springframework.boot.test.context.SpringBootTestContextBootstrapper=true}', contextCustomizers = set[org.springframework.boot.test.context.filter.ExcludeFilterContextCustomizer@5ab9e72c, org.springframework.boot.test.json.DuplicateJsonObjectContextCustomizerFactory$DuplicateJsonObjectContextCustomizer@757acd7b, org.springframework.boot.test.mock.mockito.MockitoContextCustomizer@0, org.springframework.boot.test.web.client.TestRestTemplateContextCustomizer@1fb700ee, org.springframework.boot.test.autoconfigure.actuate.metrics.MetricsExportContextCustomizerFactory$DisableMetricExportContextCustomizer@2cdd0d4b, org.springframework.boot.test.autoconfigure.properties.PropertyMappingContextCustomizer@0, org.springframework.boot.test.autoconfigure.web.servlet.WebDriverContextCustomizerFactory$Customizer@770d3326, org.springframework.boot.test.context.SpringBootTestArgs@1, org.springframework.boot.test.context.SpringBootTestWebEnvironment@370736d9], resourceBasePath = 'src/main/webapp', contextLoader = 'org.springframework.boot.test.context.SpringBootContextLoader', parent = [null]], attributes = map['org.springframework.test.context.web.ServletTestExecutionListener.activateListener' -> true]], class annotated with @DirtiesContext [false] with mode [null].

  .   ____          _            __ _ _
 /\\ / ___'_ __ _ _(_)_ __  __ _ \ \ \ \
( ( )\___ | '_ | '_| | '_ \/ _` | \ \ \ \
 \\/  ___)| |_)| | | | | || (_| |  ) ) ) )
  '  |____| .__|_| |_|_| |_\__, | / / / /
 =========|_|==============|___/=/_/_/_/
 :: Spring Boot ::                (v2.7.1)

2022-08-10 13:17:08.673  INFO 94743 --- [           main] c.s.t.AccountApplicationTests            : Starting AccountApplicationTests using Java 17.0.3 on Alexs-MBP.lan with PID 94743 (started by ammonsoon in /Users/ammonsoon/Smoothstack/Projects/Titanium-Repo/titanium-banking/account)
2022-08-10 13:17:08.678  INFO 94743 --- [           main] c.s.t.AccountApplicationTests            : No active profile set, falling back to 1 default profile: "default"
2022-08-10 13:17:09.831  INFO 94743 --- [           main] .s.d.r.c.RepositoryConfigurationDelegate : Bootstrapping Spring Data JPA repositories in DEFAULT mode.
2022-08-10 13:17:09.903  INFO 94743 --- [           main] .s.d.r.c.RepositoryConfigurationDelegate : Finished Spring Data repository scanning in 60 ms. Found 1 JPA repository interfaces.
2022-08-10 13:17:10.852  INFO 94743 --- [           main] com.zaxxer.hikari.HikariDataSource       : HikariPool-1 - Starting...
2022-08-10 13:17:11.091  INFO 94743 --- [           main] com.zaxxer.hikari.HikariDataSource       : HikariPool-1 - Start completed.
2022-08-10 13:17:11.263  INFO 94743 --- [           main] o.hibernate.jpa.internal.util.LogHelper  : HHH000204: Processing PersistenceUnitInfo [name: default]
2022-08-10 13:17:11.315  INFO 94743 --- [           main] org.hibernate.Version                    : HHH000412: Hibernate ORM core version 5.6.9.Final
2022-08-10 13:17:11.542  INFO 94743 --- [           main] o.hibernate.annotations.common.Version   : HCANN000001: Hibernate Commons Annotations {5.1.2.Final}
2022-08-10 13:17:11.654  INFO 94743 --- [           main] org.hibernate.dialect.Dialect            : HHH000400: Using dialect: org.hibernate.dialect.H2Dialect
2022-08-10 13:17:12.263  INFO 94743 --- [           main] o.h.e.t.j.p.i.JtaPlatformInitiator       : HHH000490: Using JtaPlatform implementation: [org.hibernate.engine.transaction.jta.platform.internal.NoJtaPlatform]
2022-08-10 13:17:12.271  INFO 94743 --- [           main] j.LocalContainerEntityManagerFactoryBean : Initialized JPA EntityManagerFactory for persistence unit 'default'
2022-08-10 13:17:13.083  WARN 94743 --- [           main] JpaBaseConfiguration$JpaWebConfiguration : spring.jpa.open-in-view is enabled by default. Therefore, database queries may be performed during view rendering. Explicitly configure spring.jpa.open-in-view to disable this warning
2022-08-10 13:17:13.397  INFO 94743 --- [           main] o.s.b.a.h2.H2ConsoleAutoConfiguration    : H2 console available at '/h2-console'. Database available at 'jdbc:h2:mem:testdb'
2022-08-10 13:17:13.720  INFO 94743 --- [           main] c.s.t.AccountApplicationTests            : Started AccountApplicationTests in 5.41 seconds (JVM running for 6.924)
]]></system-out>
  </testcase>
  <testcase name="updateAccountTest" classname="com.smoothstack.titaniumbanking.AccountApplicationTests" time="0.059">
    <failure message="expected: &lt;Account(accountId=4, accountName=UpdatedtestAccountDto, accountType=loan, accountNumber=12345, balance=980000000, interest=26, lastStatementDate=2022-08-10, paymentDate=2022-08-10)&gt; but was: &lt;Account(accountId=4, accountName=UpdatedtestAccountDto, accountType=loan, accountNumber=00000000362459242, balance=980000000, interest=26, lastStatementDate=2022-08-10, paymentDate=2022-08-10)&gt;" type="org.opentest4j.AssertionFailedError"><![CDATA[org.opentest4j.AssertionFailedError: expected: <Account(accountId=4, accountName=UpdatedtestAccountDto, accountType=loan, accountNumber=12345, balance=980000000, interest=26, lastStatementDate=2022-08-10, paymentDate=2022-08-10)> but was: <Account(accountId=4, accountName=UpdatedtestAccountDto, accountType=loan, accountNumber=00000000362459242, balance=980000000, interest=26, lastStatementDate=2022-08-10, paymentDate=2022-08-10)>
	at com.smoothstack.titaniumbanking.AccountApplicationTests.updateAccountTest(AccountApplicationTests.java:137)
]]></failure>
  </testcase>
  <testcase name="accountNumGenerationTest" classname="com.smoothstack.titaniumbanking.AccountApplicationTests" time="0.018"/>
  <testcase name="deleteAccountTest" classname="com.smoothstack.titaniumbanking.AccountApplicationTests" time="0.024">
    <failure message="expected: &lt;Account(accountId=7, accountName=ONETestAccount, accountType=checking, accountNumber=12345, balance=9800, interest=5, lastStatementDate=2022-08-10, paymentDate=2022-08-10)&gt; but was: &lt;Account(accountId=7, accountName=ONETestAccount, accountType=checking, accountNumber=00000000432736479, balance=0, interest=0, lastStatementDate=2022-08-10, paymentDate=2022-08-10)&gt;" type="org.opentest4j.AssertionFailedError"><![CDATA[org.opentest4j.AssertionFailedError: expected: <Account(accountId=7, accountName=ONETestAccount, accountType=checking, accountNumber=12345, balance=9800, interest=5, lastStatementDate=2022-08-10, paymentDate=2022-08-10)> but was: <Account(accountId=7, accountName=ONETestAccount, accountType=checking, accountNumber=00000000432736479, balance=0, interest=0, lastStatementDate=2022-08-10, paymentDate=2022-08-10)>
	at com.smoothstack.titaniumbanking.AccountApplicationTests.deleteAccountTest(AccountApplicationTests.java:164)
]]></failure>
  </testcase>
  <testcase name="contextLoads" classname="com.smoothstack.titaniumbanking.AccountApplicationTests" time="0.005"/>
  <testcase name="addAccountTest" classname="com.smoothstack.titaniumbanking.AccountApplicationTests" time="0.013"/>
  <testcase name="deleteAccountEmptyTest" classname="com.smoothstack.titaniumbanking.AccountApplicationTests" time="0.025"/>
</testsuite>